SF:lib\models\exercise.dart
DA:11,1
DA:22,1
DA:23,1
DA:25,1
DA:26,1
DA:27,1
DA:28,1
DA:29,1
DA:30,1
DA:31,1
DA:35,2
DA:36,1
DA:37,1
DA:38,1
DA:39,1
DA:40,1
DA:41,1
DA:42,1
LF:18
LH:18
end_of_record
SF:lib\models\measurement.dart
DA:9,4
DA:16,2
DA:17,2
DA:18,5
DA:19,6
DA:20,6
DA:21,6
DA:25,2
DA:26,1
DA:27,1
DA:28,1
DA:29,1
LF:12
LH:12
end_of_record
SF:lib\models\selected_exercise.dart
DA:9,9
DA:14,2
DA:16,5
DA:17,5
DA:18,5
DA:19,5
DA:20,5
DA:21,25
DA:25,4
DA:26,4
DA:27,4
DA:28,4
DA:29,4
DA:30,4
DA:31,12
DA:32,4
LF:16
LH:16
end_of_record
SF:lib\models\serie.dart
DA:5,11
DA:7,7
DA:8,7
DA:9,7
DA:10,14
DA:14,14
DA:15,7
DA:16,7
LF:8
LH:8
end_of_record
SF:lib\UI\pages\exercises_by_categories.dart
DA:9,1
DA:15,1
DA:16,1
DA:22,1
DA:24,1
DA:25,3
DA:26,3
DA:29,1
DA:31,1
DA:32,1
DA:33,3
DA:34,1
DA:35,1
DA:37,0
DA:41,1
DA:42,1
DA:43,1
DA:44,1
DA:49,2
DA:52,1
DA:53,1
DA:54,1
DA:55,1
DA:56,1
DA:57,1
DA:59,2
DA:60,1
DA:61,1
DA:64,0
LF:29
LH:27
end_of_record
SF:lib\infrastructure\services\firebase\exercises_service.dart
DA:8,1
DA:9,0
DA:10,0
DA:12,1
DA:13,2
DA:14,1
DA:18,1
DA:19,1
DA:21,3
DA:22,1
DA:23,1
DA:24,1
DA:25,1
DA:29,1
DA:30,1
DA:32,4
DA:33,1
DA:36,1
DA:37,1
DA:39,1
DA:40,1
DA:42,3
DA:43,1
DA:44,1
DA:45,1
DA:46,1
DA:50,1
DA:53,1
DA:55,4
DA:56,1
DA:59,1
DA:60,1
DA:61,4
DA:63,1
DA:64,1
DA:68,1
DA:69,1
DA:70,3
DA:71,1
DA:72,1
DA:73,4
DA:74,1
DA:76,1
DA:79,1
DA:80,1
DA:81,3
DA:82,1
DA:83,1
DA:84,4
DA:85,1
DA:88,1
DA:89,1
DA:90,1
DA:91,1
DA:94,1
DA:95,1
DA:96,1
DA:97,1
DA:98,1
DA:99,1
DA:100,1
DA:102,2
DA:103,2
DA:104,3
DA:106,1
DA:109,1
DA:110,1
DA:111,1
DA:112,1
DA:113,1
DA:114,1
DA:115,1
DA:117,2
DA:118,2
DA:119,2
DA:121,1
DA:124,1
DA:125,2
DA:126,1
DA:128,2
DA:129,2
DA:130,2
DA:131,2
DA:135,3
DA:136,6
DA:137,1
DA:140,1
DA:141,1
DA:142,1
DA:143,1
DA:144,1
DA:145,1
DA:146,1
DA:147,6
DA:148,1
LF:95
LH:93
end_of_record
SF:lib\UI\pages\exercises_categories.dart
DA:9,4
DA:11,1
DA:12,1
DA:19,1
DA:21,1
DA:22,3
DA:23,3
DA:26,1
DA:28,1
DA:29,1
DA:31,1
DA:32,1
DA:34,0
DA:38,1
DA:39,1
DA:40,1
DA:41,1
DA:46,2
DA:49,1
DA:50,1
DA:51,1
DA:52,1
DA:53,1
DA:54,1
DA:55,1
DA:57,1
DA:58,1
DA:59,1
DA:60,1
DA:61,2
DA:63,1
DA:67,0
DA:69,0
LF:33
LH:30
end_of_record
SF:lib\UI\pages\training_page.dart
DA:25,2
DA:35,2
DA:36,2
DA:53,6
DA:56,2
DA:57,2
DA:59,2
DA:60,2
DA:61,6
DA:62,1
DA:65,2
DA:68,1
DA:69,7
DA:71,4
DA:72,7
DA:79,1
DA:80,3
DA:81,5
DA:85,4
DA:86,7
DA:87,7
DA:94,0
DA:96,0
DA:97,0
DA:100,2
DA:102,2
DA:103,6
DA:104,6
DA:105,6
DA:106,6
DA:107,4
DA:108,2
DA:109,2
DA:111,6
DA:112,2
DA:116,2
DA:118,2
DA:119,5
DA:123,2
DA:124,4
DA:125,3
DA:126,1
DA:127,2
DA:128,1
DA:129,1
DA:130,1
DA:131,1
DA:132,1
DA:133,2
DA:134,1
DA:135,1
DA:138,1
DA:141,1
DA:142,2
DA:145,3
DA:146,2
DA:150,2
DA:151,4
DA:154,4
DA:157,0
DA:158,0
DA:159,0
DA:167,2
DA:169,4
DA:170,4
DA:171,2
DA:174,0
DA:176,0
DA:178,0
DA:179,0
DA:180,0
DA:181,0
DA:185,1
DA:187,5
DA:188,1
DA:194,2
DA:196,4
DA:198,2
DA:200,4
DA:201,6
DA:202,4
DA:203,2
DA:206,4
DA:207,4
DA:214,2
DA:216,4
DA:222,1
DA:223,1
DA:226,1
DA:227,0
DA:228,0
DA:229,0
DA:234,0
DA:235,0
DA:236,0
DA:239,0
DA:240,0
DA:250,1
DA:251,1
DA:252,2
DA:255,1
DA:256,1
DA:257,3
DA:260,1
DA:261,0
DA:268,1
DA:269,1
DA:270,1
DA:271,1
DA:272,1
DA:273,1
DA:278,0
DA:281,2
DA:282,2
DA:283,6
DA:284,2
DA:285,2
DA:286,0
DA:291,0
DA:292,0
DA:294,0
DA:295,0
DA:296,0
DA:297,0
DA:298,0
DA:299,0
DA:302,0
DA:304,0
DA:307,0
DA:308,0
DA:309,0
DA:310,0
DA:313,0
DA:314,0
DA:318,0
DA:324,0
DA:325,0
DA:326,0
DA:327,0
DA:329,0
DA:331,0
DA:335,1
DA:337,4
DA:338,1
DA:339,3
DA:341,0
DA:345,1
DA:346,1
DA:347,1
DA:348,2
DA:353,1
DA:354,1
DA:355,0
DA:358,1
DA:359,1
DA:360,1
DA:361,1
DA:363,1
DA:365,5
DA:373,2
DA:374,2
DA:375,6
DA:377,6
DA:378,1
DA:382,2
DA:383,5
DA:386,7
DA:387,2
DA:390,6
DA:392,4
DA:393,2
DA:395,4
DA:396,2
DA:397,6
DA:400,2
DA:401,6
DA:403,0
DA:405,8
DA:409,2
DA:411,2
DA:412,2
DA:415,2
DA:417,0
DA:418,0
DA:419,0
DA:421,2
DA:422,2
DA:423,2
DA:425,1
DA:426,1
DA:427,1
DA:428,1
DA:431,4
DA:432,2
DA:433,2
DA:434,1
DA:436,1
DA:440,2
DA:442,2
DA:444,2
DA:445,2
DA:447,2
DA:448,4
DA:450,2
DA:452,2
DA:460,2
DA:461,2
DA:462,2
DA:467,1
DA:468,4
DA:473,2
DA:474,2
DA:475,4
DA:476,4
DA:477,4
DA:478,10
DA:479,2
DA:480,0
DA:481,0
DA:482,0
DA:484,0
DA:485,0
DA:486,0
DA:487,0
DA:488,0
DA:490,3
DA:491,4
DA:492,1
DA:498,2
DA:499,2
DA:500,2
DA:501,2
DA:502,2
DA:503,2
DA:506,2
DA:510,2
DA:512,2
DA:513,4
DA:516,2
LF:239
LH:179
end_of_record
SF:lib\infrastructure\services\firebase\training_service.dart
DA:11,1
DA:12,0
DA:13,0
DA:15,1
DA:16,2
DA:23,1
DA:24,1
DA:25,1
DA:26,1
DA:27,1
DA:28,1
DA:30,0
DA:32,1
DA:33,2
DA:35,2
DA:36,1
DA:37,1
DA:39,1
DA:40,3
DA:41,1
DA:44,1
DA:46,4
DA:52,3
DA:53,0
DA:59,1
DA:60,2
DA:61,1
DA:63,1
DA:64,1
DA:65,1
DA:66,1
DA:67,1
DA:68,1
DA:70,3
DA:71,3
DA:72,1
DA:75,1
DA:76,2
DA:77,1
DA:79,1
DA:80,1
DA:81,1
DA:82,1
DA:84,2
DA:85,4
DA:87,2
DA:91,1
DA:92,2
DA:96,1
DA:97,1
DA:98,1
DA:99,1
DA:100,2
DA:101,1
DA:103,0
LF:55
LH:50
end_of_record
SF:lib\infrastructure\services\muscle_fatigue_service.dart
DA:17,0
DA:18,0
DA:20,0
DA:22,0
DA:24,0
DA:32,0
DA:34,0
DA:35,0
DA:36,0
DA:37,0
DA:42,0
DA:45,0
DA:46,0
DA:48,0
DA:50,0
DA:51,0
DA:52,0
DA:55,0
DA:63,1
DA:66,0
DA:67,0
DA:69,1
DA:70,1
DA:76,1
DA:78,1
DA:79,1
DA:80,1
DA:81,1
DA:82,1
DA:83,1
DA:84,1
DA:85,2
DA:87,2
DA:88,3
DA:89,3
DA:90,1
DA:92,1
DA:94,0
DA:99,1
DA:101,3
DA:102,1
DA:103,1
DA:104,2
DA:108,1
DA:111,3
DA:116,1
DA:118,1
DA:119,1
DA:120,1
DA:121,1
DA:122,1
DA:123,1
DA:124,1
DA:125,1
DA:127,1
DA:128,2
DA:129,2
DA:130,2
DA:133,2
DA:134,1
DA:135,1
DA:136,2
DA:138,1
DA:139,1
DA:140,1
DA:142,3
DA:146,0
DA:147,0
DA:151,1
DA:152,3
DA:153,2
DA:154,3
DA:155,3
DA:156,2
DA:157,2
DA:158,1
DA:159,3
DA:163,1
DA:166,1
DA:170,1
DA:171,1
DA:172,1
DA:173,1
DA:174,1
DA:175,1
DA:177,3
DA:178,1
DA:179,2
DA:180,1
DA:182,2
DA:183,1
DA:184,2
DA:185,1
DA:186,1
DA:187,1
DA:188,1
DA:189,2
DA:191,1
DA:192,1
DA:193,1
DA:194,1
DA:195,1
DA:196,1
DA:197,1
DA:198,1
DA:201,3
DA:204,2
LF:107
LH:84
end_of_record
SF:lib\infrastructure\services\training_draft_store.dart
DA:10,3
DA:23,1
DA:25,1
DA:26,1
DA:29,1
DA:31,1
DA:32,1
DA:36,1
DA:37,1
DA:38,1
DA:39,1
DA:41,1
DA:42,3
DA:44,1
DA:45,1
DA:46,1
DA:47,2
DA:49,1
DA:51,1
DA:53,0
DA:58,1
DA:60,1
DA:61,1
DA:63,2
DA:65,4
DA:70,1
DA:72,1
DA:73,1
LF:28
LH:27
end_of_record
SF:lib\models\training.dart
DA:11,8
DA:19,3
DA:20,3
DA:21,3
DA:22,3
DA:23,6
DA:24,15
DA:28,3
DA:29,3
DA:31,3
DA:32,6
DA:33,6
DA:34,3
DA:35,7
DA:36,3
LF:15
LH:15
end_of_record
SF:lib\UI\widgets\exercise_card.dart
DA:16,2
DA:27,2
DA:29,2
DA:31,2
DA:33,2
DA:35,2
DA:36,2
DA:37,2
DA:38,2
DA:39,2
DA:41,2
DA:42,2
DA:43,4
DA:50,2
DA:51,4
DA:52,2
DA:54,2
DA:61,2
DA:62,2
DA:69,2
DA:71,2
DA:72,2
DA:73,2
DA:74,2
DA:76,2
DA:78,6
DA:84,2
DA:85,2
DA:87,2
DA:89,6
DA:99,2
DA:102,6
DA:103,2
DA:104,2
DA:105,0
DA:107,2
DA:108,8
DA:109,6
DA:110,0
DA:111,0
DA:112,2
DA:113,0
DA:114,0
DA:115,0
DA:116,3
DA:121,2
DA:122,2
LF:47
LH:41
end_of_record
SF:lib\UI\pages\trainings_history_page.dart
DA:12,2
DA:14,2
DA:15,2
DA:24,2
DA:26,2
DA:27,6
DA:28,6
DA:29,6
DA:30,2
DA:33,2
DA:34,4
DA:35,2
DA:36,4
DA:37,2
DA:42,0
DA:43,0
DA:44,0
DA:46,0
DA:47,0
DA:52,1
DA:53,2
DA:54,1
DA:56,2
DA:57,3
DA:62,2
DA:64,4
DA:66,2
DA:67,2
DA:69,2
DA:70,4
DA:71,2
DA:73,2
DA:75,2
DA:76,2
DA:81,2
DA:83,2
DA:85,2
DA:86,2
DA:91,2
DA:92,2
DA:93,2
DA:94,2
DA:95,1
DA:96,1
DA:98,1
DA:101,1
DA:102,0
DA:103,0
DA:111,4
DA:115,2
DA:116,2
DA:122,2
DA:123,2
DA:124,2
DA:125,2
DA:126,2
DA:128,2
DA:129,4
DA:130,2
DA:131,10
DA:134,0
DA:135,0
DA:139,0
DA:140,0
DA:141,0
LF:65
LH:53
end_of_record
SF:lib\UI\widgets\series_row.dart
DA:14,2
DA:25,2
DA:27,2
DA:29,2
DA:30,2
DA:31,2
DA:32,2
DA:33,6
DA:34,6
DA:37,2
DA:38,2
DA:39,2
DA:42,2
DA:46,2
DA:47,2
DA:48,6
DA:49,6
DA:52,2
DA:53,2
DA:54,2
DA:57,2
DA:60,2
DA:61,2
LF:23
LH:23
end_of_record
SF:lib\infrastructure\services\muscle_fatigue_calculator.dart
DA:23,2
DA:24,6
DA:25,2
DA:26,2
DA:27,6
DA:28,2
DA:32,6
DA:33,2
DA:34,0
DA:37,2
DA:38,4
DA:39,8
DA:42,4
DA:43,2
DA:46,8
DA:50,0
DA:54,2
DA:55,1
DA:56,6
DA:57,6
DA:58,2
LF:21
LH:19
end_of_record
SF:lib\models\training_exercise.dart
DA:8,1
DA:14,1
DA:15,1
DA:16,1
DA:17,1
DA:18,1
DA:19,3
DA:20,1
DA:24,2
DA:25,1
DA:26,1
DA:27,5
LF:12
LH:12
end_of_record
SF:lib\models\user.dart
DA:16,1
DA:30,1
DA:31,1
DA:33,1
DA:34,1
DA:35,1
DA:36,1
DA:37,1
DA:38,1
DA:39,2
DA:40,2
DA:41,2
DA:42,2
DA:46,2
DA:47,1
DA:48,1
DA:49,1
DA:50,1
DA:51,1
DA:52,1
DA:53,1
DA:54,1
DA:55,1
DA:56,1
LF:24
LH:24
end_of_record
SF:lib\UI\pages\login_page.dart
DA:9,1
DA:11,1
DA:12,1
DA:24,1
DA:26,1
DA:27,3
DA:30,1
DA:32,2
DA:33,2
DA:34,1
DA:37,1
DA:38,1
DA:39,1
DA:40,1
DA:41,0
DA:42,0
DA:44,0
DA:46,0
DA:48,0
DA:50,0
DA:57,1
DA:58,3
DA:59,3
DA:61,2
DA:62,3
DA:66,2
DA:67,1
DA:68,1
DA:72,2
DA:73,3
DA:75,5
DA:77,4
DA:81,1
DA:83,2
DA:85,1
DA:86,1
DA:87,1
DA:88,1
DA:90,1
DA:92,1
DA:94,1
DA:97,1
DA:98,1
DA:101,1
DA:104,1
DA:108,1
DA:110,4
DA:115,1
DA:117,4
DA:118,2
DA:124,1
DA:125,1
DA:128,1
DA:129,1
DA:130,0
DA:142,1
DA:143,1
DA:144,1
DA:146,0
DA:147,1
DA:148,1
DA:149,0
DA:152,1
DA:156,1
DA:157,1
DA:158,1
DA:162,0
DA:163,0
DA:169,1
DA:171,1
DA:173,1
DA:179,1
DA:180,1
DA:181,1
DA:183,1
DA:184,1
DA:185,1
DA:188,1
DA:191,1
DA:192,1
DA:193,1
DA:194,1
DA:195,1
DA:208,1
DA:211,1
DA:213,1
DA:214,1
DA:220,1
DA:221,2
LF:89
LH:78
end_of_record
SF:lib\UI\pages\register_page.dart
DA:9,1
DA:11,1
DA:12,1
DA:24,1
DA:26,1
DA:27,3
DA:30,1
DA:31,3
DA:32,3
DA:33,3
DA:35,3
DA:36,3
DA:39,2
DA:40,1
DA:41,2
DA:46,2
DA:47,1
DA:48,1
DA:52,2
DA:57,3
DA:59,5
DA:61,4
DA:65,1
DA:66,1
DA:67,1
DA:68,1
DA:70,0
DA:72,0
DA:74,0
DA:81,1
DA:83,2
DA:84,2
DA:85,2
DA:86,1
DA:89,1
DA:91,1
DA:92,1
DA:93,1
DA:94,1
DA:96,1
DA:97,1
DA:99,1
DA:105,1
DA:106,1
DA:114,1
DA:115,1
DA:124,1
DA:125,1
DA:128,0
DA:134,2
DA:136,1
DA:137,1
DA:138,1
DA:139,3
DA:144,1
DA:145,1
DA:146,1
DA:147,1
DA:148,1
DA:151,1
DA:152,1
DA:153,0
LF:62
LH:57
end_of_record
SF:lib\infrastructure\services\firebase\auth_service.dart
DA:11,1
DA:12,0
DA:13,0
DA:15,1
DA:20,2
DA:24,1
DA:25,1
DA:26,1
DA:27,1
DA:32,1
DA:33,2
DA:37,1
DA:40,0
DA:42,3
DA:44,0
DA:48,1
DA:49,2
DA:50,1
DA:52,1
DA:55,1
DA:56,1
DA:59,4
DA:60,2
DA:61,2
DA:62,2
DA:63,1
DA:64,4
DA:66,1
DA:68,1
DA:69,2
DA:72,1
DA:74,2
DA:75,2
DA:77,2
DA:78,2
DA:79,2
DA:81,1
DA:83,3
DA:87,1
DA:89,1
DA:90,2
DA:91,1
LF:42
LH:38
end_of_record
SF:lib\UI\pages\exercise_management_by_category.dart
DA:9,1
DA:15,1
DA:17,1
DA:25,1
DA:27,1
DA:28,3
DA:29,1
DA:32,1
DA:33,2
DA:34,3
DA:35,2
DA:40,1
DA:41,1
DA:42,1
DA:43,2
DA:48,1
DA:49,1
DA:50,0
DA:53,1
DA:54,2
DA:61,1
DA:62,3
DA:63,1
DA:67,1
DA:69,2
DA:71,1
DA:72,1
DA:73,3
DA:74,1
DA:75,1
DA:77,0
DA:78,0
DA:79,0
DA:84,1
DA:85,1
DA:86,1
DA:87,1
DA:90,1
DA:92,1
DA:98,1
DA:99,1
DA:100,1
DA:101,1
DA:102,1
DA:104,2
DA:105,1
DA:106,1
DA:109,1
DA:110,2
DA:111,2
DA:113,0
DA:114,0
DA:115,0
LF:53
LH:46
end_of_record
SF:lib\UI\pages\exercise_management_categories.dart
DA:9,1
DA:11,1
DA:13,1
DA:21,1
DA:23,1
DA:24,3
DA:25,1
DA:28,1
DA:29,2
DA:30,3
DA:34,1
DA:35,1
DA:37,1
DA:38,1
DA:39,2
DA:41,1
DA:49,1
DA:50,1
DA:51,0
DA:54,1
DA:55,4
DA:62,2
DA:63,2
DA:64,1
DA:68,1
DA:69,1
DA:70,1
DA:71,2
DA:73,2
DA:77,1
DA:78,1
DA:79,0
DA:82,1
DA:83,2
DA:84,1
DA:85,3
DA:93,1
DA:94,2
DA:95,1
DA:99,1
DA:101,2
DA:103,1
DA:104,1
DA:106,1
DA:107,1
DA:109,0
DA:110,0
DA:111,0
DA:116,1
DA:117,1
DA:118,1
DA:119,1
DA:122,1
DA:124,1
DA:128,1
DA:129,1
DA:130,1
DA:131,1
DA:132,1
DA:133,1
DA:134,1
DA:136,1
DA:137,1
DA:139,2
DA:141,1
DA:142,2
DA:143,2
DA:148,0
DA:149,0
DA:151,0
DA:152,0
DA:154,0
DA:158,0
LF:73
LH:62
end_of_record
SF:lib\UI\pages\grafics_page.dart
DA:8,2
DA:13,4
DA:14,4
DA:15,10
DA:16,1
DA:17,2
DA:20,4
DA:22,10
DA:25,4
DA:27,8
DA:28,2
DA:31,2
DA:36,4
DA:37,4
DA:38,10
DA:39,1
DA:40,2
DA:43,4
DA:44,2
DA:47,4
DA:49,6
DA:51,6
DA:53,4
DA:55,8
DA:56,2
DA:62,1
DA:64,1
DA:65,1
DA:76,1
DA:78,1
DA:79,3
DA:80,1
DA:83,1
DA:84,2
DA:85,1
DA:86,1
DA:89,2
DA:90,1
DA:91,2
DA:92,1
DA:93,1
DA:96,1
DA:97,2
DA:98,1
DA:99,1
DA:104,1
DA:105,1
DA:106,3
DA:107,3
DA:108,1
DA:109,1
DA:110,1
DA:114,1
DA:116,1
DA:119,1
DA:120,1
DA:121,1
DA:122,1
DA:124,1
DA:126,1
DA:127,1
DA:136,1
DA:137,1
DA:138,2
DA:139,3
DA:140,3
DA:142,1
DA:143,1
DA:145,1
DA:146,1
DA:147,1
DA:149,1
DA:151,1
DA:152,4
DA:153,1
DA:154,1
DA:155,3
DA:159,1
DA:167,1
DA:168,1
DA:169,2
DA:170,2
DA:175,1
DA:176,1
DA:178,1
DA:179,2
DA:180,1
DA:181,1
LF:88
LH:88
end_of_record
SF:lib\UI\widgets\volume_chart.dart
DA:8,2
DA:10,2
DA:12,4
DA:13,2
DA:16,4
DA:17,6
DA:19,2
DA:26,4
DA:27,4
DA:28,2
DA:29,2
DA:33,2
DA:34,3
DA:35,2
DA:36,6
DA:39,8
DA:41,2
DA:42,2
DA:45,2
DA:48,3
DA:49,2
DA:50,4
DA:53,2
DA:54,2
DA:55,2
DA:59,2
DA:60,2
DA:61,6
DA:62,4
DA:63,2
DA:65,2
DA:66,6
DA:67,2
DA:69,2
DA:78,2
DA:79,2
DA:83,3
DA:84,2
DA:85,2
DA:86,4
DA:87,2
DA:89,2
DA:102,2
DA:103,2
DA:104,2
DA:105,2
DA:106,6
DA:107,2
DA:108,2
DA:109,6
DA:117,2
DA:119,4
DA:123,2
DA:126,2
DA:128,2
DA:132,2
DA:133,2
DA:134,0
DA:135,0
DA:136,0
DA:137,0
DA:138,0
DA:139,0
DA:140,0
DA:141,0
DA:145,0
LF:66
LH:57
end_of_record
SF:lib\UI\widgets\average_weight.dart
DA:8,1
DA:10,2
DA:12,4
DA:13,2
DA:16,4
DA:17,2
DA:19,2
DA:26,2
DA:27,2
DA:28,1
DA:29,1
DA:33,1
DA:34,1
DA:35,1
DA:36,3
DA:39,4
DA:41,1
DA:42,1
DA:45,1
DA:48,1
DA:49,1
DA:50,2
DA:53,1
DA:54,1
DA:55,1
DA:59,1
DA:60,1
DA:61,3
DA:62,2
DA:63,1
DA:65,1
DA:66,3
DA:67,1
DA:69,1
DA:78,1
DA:79,1
DA:83,1
DA:84,1
DA:85,1
DA:86,2
DA:87,1
DA:89,1
DA:102,1
DA:103,1
DA:104,1
DA:105,1
DA:106,3
DA:107,1
DA:108,1
DA:109,3
DA:117,1
DA:119,2
DA:123,1
DA:126,1
DA:128,1
DA:132,1
DA:133,1
DA:134,0
DA:135,0
DA:136,0
DA:137,0
DA:138,0
DA:139,0
DA:140,0
DA:141,0
DA:145,0
LF:66
LH:57
end_of_record
SF:lib\infrastructure\services\body_index_calculator.dart
DA:8,2
DA:25,2
DA:26,8
DA:27,8
DA:28,2
DA:32,2
DA:33,2
DA:34,6
DA:35,4
DA:36,2
DA:40,2
DA:41,2
DA:42,4
DA:43,2
DA:45,6
DA:47,10
LF:16
LH:16
end_of_record
SF:lib\UI\widgets\chart_colors.dart
DA:5,2
DA:6,6
DA:8,2
DA:9,2
DA:11,4
DA:13,8
LF:6
LH:6
end_of_record
SF:lib\UI\widgets\body_composition_chart.dart
DA:11,2
DA:13,2
DA:14,2
DA:22,2
DA:35,6
DA:37,4
DA:39,2
DA:41,6
DA:49,6
DA:50,6
DA:54,2
DA:55,1
DA:56,1
DA:57,3
DA:59,2
DA:60,2
DA:61,6
DA:64,2
DA:65,2
DA:66,2
DA:68,4
DA:69,1
DA:72,2
DA:73,1
DA:87,2
DA:89,2
DA:91,2
DA:100,2
DA:101,2
DA:102,2
DA:103,1
DA:104,2
DA:105,1
DA:107,2
DA:111,10
DA:115,2
DA:116,2
DA:117,2
DA:119,2
DA:121,2
DA:122,1
DA:130,2
DA:131,2
DA:135,2
DA:136,2
DA:137,2
DA:138,2
DA:139,4
DA:144,2
DA:145,2
DA:146,2
DA:147,4
DA:148,2
DA:149,1
DA:150,3
DA:157,1
DA:158,2
DA:159,2
DA:161,1
DA:163,1
DA:165,1
DA:167,1
DA:168,1
DA:170,1
DA:171,1
DA:172,1
DA:174,1
DA:175,1
DA:177,2
DA:179,1
DA:180,1
DA:181,3
DA:183,1
DA:189,1
DA:191,1
DA:192,2
DA:193,1
DA:195,5
DA:197,3
DA:199,4
DA:206,1
DA:209,3
DA:210,2
DA:219,1
DA:220,2
DA:223,2
DA:227,1
DA:228,3
DA:230,1
DA:231,2
DA:234,0
DA:238,1
DA:240,1
DA:242,1
DA:243,1
DA:245,1
DA:246,2
DA:247,1
DA:254,3
DA:261,2
DA:263,2
DA:267,6
DA:268,4
DA:269,6
DA:271,2
DA:272,2
DA:278,2
DA:279,2
DA:280,2
DA:281,4
DA:282,2
DA:284,1
DA:285,3
DA:286,2
DA:290,2
DA:295,2
DA:297,2
DA:298,2
DA:301,2
DA:304,2
DA:305,2
DA:306,2
DA:311,2
DA:319,2
DA:320,2
DA:323,8
DA:327,2
DA:328,2
DA:329,2
DA:330,4
DA:331,4
DA:332,2
DA:334,2
DA:335,8
DA:344,2
DA:345,2
DA:348,2
DA:349,2
DA:350,4
DA:357,2
DA:358,2
DA:359,2
DA:366,2
DA:368,2
DA:372,2
DA:373,2
DA:374,0
DA:375,0
DA:376,0
DA:377,0
DA:378,0
DA:381,0
LF:152
LH:145
end_of_record
SF:lib\theme\app_colors.dart
DA:36,1
DA:105,1
DA:106,2
DA:108,0
DA:125,0
DA:126,0
DA:127,0
DA:128,0
DA:129,0
DA:130,0
DA:131,0
DA:132,0
DA:133,0
DA:134,0
DA:135,0
DA:136,0
DA:137,0
DA:138,0
DA:139,0
DA:143,0
DA:145,0
DA:146,0
DA:147,0
DA:148,0
DA:149,0
DA:150,0
DA:151,0
DA:152,0
DA:153,0
DA:154,0
DA:155,0
DA:156,0
DA:157,0
DA:158,0
DA:160,0
DA:162,0
LF:36
LH:3
end_of_record
SF:lib\UI\pages\ia_chat.dart
DA:12,1
DA:14,1
DA:15,1
DA:27,3
DA:29,1
DA:31,1
DA:32,3
DA:33,3
DA:34,1
DA:37,1
DA:39,1
DA:40,2
DA:42,1
DA:43,1
DA:44,2
DA:45,2
DA:46,2
DA:47,1
DA:48,2
DA:49,1
DA:50,5
DA:56,1
DA:62,1
DA:64,1
DA:66,3
DA:67,0
DA:68,1
DA:69,3
DA:75,1
DA:76,2
DA:77,2
DA:78,3
DA:79,0
DA:82,1
DA:83,1
DA:86,1
DA:87,3
DA:88,2
DA:90,2
DA:91,3
DA:99,1
DA:100,1
DA:101,3
DA:102,1
DA:103,1
DA:104,1
DA:105,0
DA:106,0
DA:107,0
DA:110,1
DA:111,2
DA:112,2
DA:113,3
DA:116,1
DA:119,2
DA:120,2
DA:121,1
DA:122,3
DA:124,4
DA:128,1
DA:130,2
DA:131,2
DA:132,1
DA:135,1
DA:137,2
DA:139,1
DA:140,1
DA:141,1
DA:142,1
DA:143,1
DA:144,1
DA:146,2
DA:147,1
DA:148,2
DA:149,2
DA:150,1
DA:156,1
DA:158,1
DA:159,2
DA:160,1
DA:162,1
DA:163,1
DA:164,1
DA:166,1
DA:167,1
DA:177,1
DA:178,0
DA:182,1
DA:184,1
DA:185,1
DA:186,1
DA:187,1
DA:188,1
DA:195,1
DA:198,1
DA:199,2
DA:200,2
LF:97
LH:91
end_of_record
SF:lib\infrastructure\services\coach_service.dart
DA:11,1
DA:13,0
DA:14,0
DA:23,1
DA:41,0
DA:43,0
DA:45,0
DA:47,0
DA:48,0
DA:49,0
DA:52,0
DA:53,0
DA:54,0
DA:55,0
DA:56,0
DA:57,0
DA:59,0
DA:61,0
DA:62,0
DA:64,0
DA:65,0
DA:68,0
DA:87,0
DA:90,1
DA:92,1
DA:93,1
DA:105,1
DA:109,0
DA:110,0
DA:111,0
DA:113,1
DA:117,2
DA:122,1
DA:123,1
DA:126,2
DA:133,2
DA:134,1
DA:135,1
DA:136,1
DA:137,1
DA:138,1
DA:139,1
DA:140,1
DA:141,1
DA:142,1
DA:143,1
DA:144,1
DA:145,1
DA:146,1
DA:147,1
DA:150,1
DA:151,5
DA:153,1
DA:154,5
DA:157,2
DA:158,1
DA:162,1
DA:164,1
DA:165,1
DA:169,1
DA:173,1
DA:177,1
DA:179,1
DA:180,3
DA:185,3
LF:65
LH:41
end_of_record
SF:lib\infrastructure\services\ai_context_formatter.dart
DA:6,2
DA:9,2
DA:11,4
DA:12,5
DA:13,8
DA:15,2
DA:16,2
DA:18,3
DA:19,1
DA:20,1
DA:21,1
DA:22,1
DA:25,1
DA:26,1
DA:27,1
DA:28,2
DA:29,1
DA:30,2
DA:31,2
DA:32,1
DA:33,3
DA:37,3
DA:40,4
DA:43,2
DA:44,4
DA:49,2
DA:52,2
DA:54,4
DA:55,2
DA:56,4
DA:57,4
DA:58,2
DA:61,4
DA:64,2
DA:67,4
DA:70,2
DA:71,10
DA:75,2
DA:76,4
DA:81,2
DA:82,2
DA:84,2
DA:85,4
DA:86,2
DA:87,2
DA:88,2
DA:89,6
DA:90,2
DA:91,2
DA:92,4
DA:95,4
DA:96,0
DA:98,2
DA:100,4
DA:101,4
DA:102,2
DA:103,2
DA:108,2
DA:109,2
DA:110,4
DA:111,0
DA:114,2
DA:116,2
DA:117,2
DA:118,1
DA:121,0
DA:125,8
DA:128,2
DA:129,6
DA:130,6
DA:133,2
DA:134,4
DA:135,2
DA:138,2
DA:139,9
DA:142,2
DA:148,2
DA:149,6
LF:78
LH:75
end_of_record
SF:lib\UI\pages\add_exercise_page.dart
DA:9,1
DA:11,1
DA:12,1
DA:24,1
DA:26,1
DA:27,3
DA:28,2
DA:29,5
DA:30,5
DA:31,5
DA:33,1
DA:36,1
DA:38,2
DA:39,1
DA:40,2
DA:41,1
DA:42,1
DA:45,0
DA:46,0
DA:47,0
DA:51,1
DA:52,1
DA:53,3
DA:54,3
DA:55,4
DA:57,3
DA:59,2
DA:60,1
DA:64,3
DA:66,1
DA:71,2
DA:72,3
DA:74,2
DA:76,3
DA:78,1
DA:80,4
DA:84,1
DA:85,1
DA:86,1
DA:87,1
DA:88,3
DA:91,1
DA:93,2
DA:94,2
DA:95,2
DA:96,1
DA:99,1
DA:101,1
DA:102,1
DA:103,1
DA:104,2
DA:106,1
DA:108,0
DA:111,1
DA:113,1
DA:115,1
DA:116,1
DA:117,1
DA:118,1
DA:125,1
DA:126,1
DA:133,1
DA:134,1
DA:135,2
DA:137,1
DA:138,3
DA:139,2
DA:140,3
DA:141,2
DA:145,1
DA:146,2
DA:149,1
DA:150,1
DA:158,1
DA:159,2
DA:165,1
DA:166,2
DA:167,1
DA:168,2
LF:79
LH:75
end_of_record
SF:lib\UI\pages\settings_page.dart
DA:9,2
DA:11,1
DA:12,1
DA:14,1
DA:16,1
DA:18,1
DA:21,0
DA:28,2
DA:29,1
DA:30,2
DA:31,1
DA:33,1
DA:34,2
DA:35,1
DA:37,4
DA:41,1
DA:42,1
DA:43,1
DA:44,1
DA:45,1
DA:47,0
DA:49,0
DA:56,1
DA:58,2
DA:60,1
DA:61,1
DA:62,1
DA:63,1
DA:64,1
DA:65,1
DA:67,2
DA:69,2
DA:70,2
DA:79,2
DA:81,1
DA:82,1
DA:89,1
DA:91,2
DA:92,1
DA:95,1
DA:97,1
DA:99,1
DA:100,1
DA:101,1
DA:104,1
DA:111,1
DA:112,1
DA:119,2
DA:126,1
DA:127,1
DA:128,0
DA:131,1
DA:132,1
DA:133,4
DA:134,3
DA:136,1
DA:137,3
LF:57
LH:53
end_of_record
SF:lib\router.dart
DA:19,1
DA:21,0
DA:22,0
DA:25,0
DA:26,0
DA:28,0
DA:29,0
DA:30,0
DA:32,0
DA:34,0
DA:36,0
DA:37,0
DA:38,0
DA:39,0
DA:42,0
DA:44,0
DA:46,0
DA:48,0
DA:49,0
DA:50,0
DA:53,0
DA:55,0
DA:56,0
DA:57,0
DA:60,0
DA:62,0
DA:64,0
DA:66,0
DA:68,0
DA:69,0
DA:70,0
DA:72,0
DA:73,0
DA:75,0
DA:77,0
DA:79,0
DA:81,0
DA:83,0
DA:85,0
DA:87,0
DA:95,1
DA:96,4
LF:42
LH:3
end_of_record
SF:lib\UI\widgets\main_scaffold.dart
DA:11,1
DA:18,3
DA:19,1
DA:20,1
DA:21,1
DA:22,1
DA:25,1
DA:27,1
DA:28,3
DA:29,2
DA:30,3
DA:32,2
DA:34,4
DA:36,2
DA:37,2
DA:38,1
DA:40,1
DA:41,2
DA:42,1
DA:43,1
DA:45,1
DA:46,1
DA:47,1
DA:48,2
DA:50,1
DA:52,1
DA:53,1
DA:55,2
DA:56,0
DA:58,2
DA:63,1
DA:65,2
DA:71,1
DA:74,1
DA:75,2
DA:76,1
DA:77,2
DA:78,1
DA:82,1
DA:84,1
DA:86,1
DA:87,1
DA:88,0
DA:90,1
DA:91,1
DA:93,1
DA:95,0
DA:101,1
DA:104,1
DA:105,2
DA:106,1
DA:107,2
DA:110,1
DA:113,1
DA:114,1
DA:115,2
DA:116,0
DA:117,0
DA:118,0
DA:124,1
DA:125,1
DA:126,2
DA:130,1
DA:133,1
DA:134,5
DA:135,1
DA:136,2
DA:137,1
DA:138,1
DA:139,2
DA:140,2
DA:141,1
DA:144,1
LF:73
LH:67
end_of_record
SF:lib\infrastructure\services\theme_notifier.dart
DA:5,9
DA:6,6
DA:8,6
DA:9,3
DA:12,3
DA:13,3
DA:14,3
DA:17,3
DA:18,2
DA:20,1
DA:21,1
DA:24,0
DA:28,1
DA:29,1
DA:30,1
DA:31,2
DA:34,1
DA:35,2
DA:37,0
DA:38,0
DA:42,3
LF:21
LH:18
end_of_record
SF:lib\infrastructure\services\firebase\auth_state_notifier.dart
DA:10,1
DA:11,1
DA:12,2
DA:15,1
DA:16,1
DA:17,1
DA:21,2
DA:23,1
DA:25,2
DA:26,1
LF:10
LH:10
end_of_record
SF:lib\UI\pages\body_page.dart
DA:19,2
DA:26,1
DA:28,1
DA:30,1
DA:31,1
DA:43,1
DA:44,1
DA:45,2
DA:46,3
DA:62,1
DA:64,1
DA:65,1
DA:162,1
DA:165,1
DA:167,1
DA:168,3
DA:169,3
DA:170,1
DA:173,1
DA:174,2
DA:176,2
DA:177,1
DA:178,1
DA:179,2
DA:180,2
DA:182,1
DA:183,2
DA:184,1
DA:185,1
DA:189,1
DA:190,1
DA:191,3
DA:192,3
DA:193,2
DA:194,2
DA:195,1
DA:196,1
DA:202,1
DA:203,1
DA:204,1
DA:205,1
DA:209,1
DA:211,1
DA:212,1
DA:213,1
DA:216,1
DA:218,1
DA:219,1
DA:224,1
DA:225,5
DA:228,1
DA:229,1
DA:237,1
DA:239,1
DA:240,3
DA:241,1
DA:248,1
DA:249,1
DA:251,1
DA:253,1
DA:254,1
DA:258,1
DA:263,1
DA:265,1
DA:267,1
DA:268,1
DA:269,1
DA:270,1
DA:271,1
DA:272,1
DA:281,1
DA:282,1
DA:284,1
DA:285,1
DA:288,1
DA:291,1
DA:304,1
DA:306,1
DA:307,1
DA:320,1
DA:323,1
DA:325,1
DA:326,3
DA:327,1
DA:330,1
DA:332,2
DA:333,2
DA:334,2
DA:335,2
DA:336,1
DA:339,1
DA:340,2
DA:341,1
DA:342,1
DA:343,2
DA:344,4
DA:350,1
DA:351,2
DA:352,1
DA:355,1
DA:361,1
DA:362,1
DA:363,1
DA:364,1
DA:365,2
DA:366,2
DA:370,1
DA:371,3
DA:372,3
DA:374,3
DA:375,3
DA:376,3
DA:377,3
DA:378,3
DA:380,1
DA:381,3
DA:384,2
DA:385,2
DA:386,2
DA:389,1
DA:390,1
DA:391,1
DA:392,4
DA:395,4
DA:399,1
DA:401,2
DA:402,1
DA:403,1
DA:404,1
DA:405,1
DA:408,0
DA:409,0
DA:410,0
DA:411,0
DA:416,1
DA:417,1
DA:418,1
DA:419,2
DA:424,1
DA:425,1
DA:426,2
DA:429,1
DA:430,2
DA:431,1
DA:433,4
DA:439,2
DA:442,1
DA:443,3
DA:444,3
DA:445,1
DA:446,2
DA:448,3
DA:449,1
DA:451,1
DA:452,1
DA:453,2
DA:455,1
DA:457,1
DA:458,1
DA:460,1
DA:461,1
DA:463,1
DA:465,1
DA:467,1
DA:472,1
DA:473,1
DA:474,0
DA:477,1
DA:478,1
DA:479,2
DA:481,3
DA:482,2
DA:483,2
DA:484,2
DA:485,2
DA:487,2
DA:489,0
DA:490,0
DA:491,0
DA:503,1
DA:509,1
DA:511,1
DA:513,1
DA:514,1
DA:518,1
DA:520,1
DA:521,2
DA:523,1
DA:525,1
DA:527,4
DA:529,1
DA:530,1
DA:531,1
DA:533,1
DA:534,1
DA:535,1
DA:536,1
DA:537,1
DA:538,1
DA:547,1
DA:548,1
DA:552,1
DA:553,1
DA:554,1
DA:563,1
DA:569,1
DA:570,1
DA:571,1
DA:572,1
DA:573,1
DA:582,1
DA:583,1
DA:587,1
DA:588,1
DA:589,1
DA:598,1
DA:604,1
DA:605,2
DA:606,1
DA:624,4
DA:626,1
DA:627,2
DA:628,1
DA:629,1
DA:632,2
DA:636,3
DA:637,1
DA:647,1
DA:648,3
DA:650,1
DA:652,1
DA:653,1
DA:654,1
DA:656,1
DA:659,1
DA:660,1
DA:661,2
DA:663,2
DA:664,0
DA:665,1
DA:667,1
DA:669,1
DA:671,1
DA:673,1
DA:675,1
DA:676,1
DA:678,1
DA:679,1
DA:681,3
DA:682,2
DA:684,1
DA:686,1
DA:687,1
DA:689,1
DA:690,3
DA:695,1
DA:697,1
DA:698,3
DA:701,1
DA:708,1
DA:710,1
DA:711,1
DA:713,2
DA:716,1
DA:717,1
DA:719,2
DA:722,1
DA:723,1
DA:725,2
DA:755,1
DA:761,1
DA:763,1
DA:764,1
DA:765,2
DA:767,1
DA:768,1
DA:771,2
LF:277
LH:268
end_of_record
SF:lib\infrastructure\services\firebase\corporal_service.dart
DA:8,2
DA:9,0
DA:10,0
DA:12,2
DA:13,4
DA:14,1
DA:17,2
DA:18,2
DA:19,4
DA:20,2
DA:21,8
DA:27,2
DA:28,4
DA:31,2
DA:32,2
DA:33,4
DA:34,2
DA:35,2
DA:36,2
DA:39,2
DA:40,4
DA:44,2
DA:45,2
DA:46,4
DA:47,2
DA:48,2
DA:49,2
DA:50,2
DA:52,4
DA:53,6
DA:61,2
DA:62,4
DA:63,1
DA:66,2
DA:67,2
DA:68,4
DA:69,2
DA:70,2
DA:71,2
DA:77,2
DA:78,4
DA:79,1
DA:82,2
DA:83,2
DA:84,4
DA:85,2
DA:86,2
DA:87,2
LF:48
LH:46
end_of_record
SF:lib\main.dart
DA:16,0
DA:17,0
DA:19,0
DA:21,0
DA:22,0
DA:27,0
DA:30,0
DA:32,0
DA:36,0
DA:37,0
DA:39,0
DA:48,0
DA:51,0
DA:56,0
DA:59,0
DA:68,0
DA:69,0
DA:70,0
DA:75,0
DA:78,0
DA:79,0
DA:80,0
DA:81,0
DA:84,0
DA:85,0
DA:87,0
DA:88,0
DA:89,0
DA:90,0
DA:93,0
DA:96,0
DA:97,0
DA:99,0
DA:107,1
DA:109,1
DA:130,0
DA:133,0
DA:134,0
DA:140,0
DA:141,0
DA:146,0
DA:147,0
DA:148,0
DA:153,0
DA:154,0
DA:155,0
DA:160,0
DA:161,0
DA:162,0
DA:163,0
DA:168,1
DA:170,1
DA:172,1
DA:173,1
DA:175,1
DA:176,1
DA:179,1
DA:180,1
DA:182,1
LF:59
LH:11
end_of_record
SF:lib\firebase_options.dart
DA:18,0
DA:22,0
DA:23,0
DA:25,0
DA:27,0
DA:29,0
DA:31,0
DA:32,0
DA:37,0
LF:9
LH:0
end_of_record
SF:lib\theme\theme.dart
DA:7,0
DA:9,2
DA:10,1
DA:11,2
DA:12,1
DA:19,1
DA:20,1
DA:23,1
DA:24,1
DA:25,1
DA:26,1
DA:27,1
DA:28,1
DA:29,1
DA:30,1
DA:31,1
DA:32,1
DA:33,1
DA:34,1
DA:35,1
DA:36,1
DA:38,1
DA:39,1
DA:40,1
DA:41,1
DA:42,1
DA:45,1
DA:47,1
DA:51,1
DA:52,1
DA:54,1
DA:55,1
DA:56,1
DA:59,2
DA:60,2
DA:62,1
DA:63,1
DA:65,2
DA:67,1
DA:68,1
DA:71,1
DA:72,1
DA:73,1
DA:74,2
DA:77,1
DA:78,2
DA:79,2
DA:80,1
DA:81,1
DA:82,2
DA:85,1
DA:86,1
DA:87,1
DA:88,1
DA:91,1
DA:92,1
DA:96,1
DA:97,1
DA:98,1
DA:99,1
DA:101,1
DA:102,1
DA:106,1
DA:107,1
DA:108,1
DA:111,2
DA:112,2
DA:113,1
DA:114,1
DA:115,0
DA:116,0
DA:118,1
DA:119,0
DA:120,0
DA:121,0
DA:123,1
DA:124,0
DA:126,0
DA:134,1
DA:135,1
DA:136,2
DA:137,2
DA:139,2
DA:141,1
DA:142,1
DA:145,1
DA:146,2
DA:147,2
DA:148,2
DA:149,2
DA:150,2
DA:151,2
DA:152,3
DA:153,2
DA:155,1
DA:156,1
DA:158,2
DA:160,1
DA:162,2
DA:165,1
DA:167,2
DA:170,1
DA:172,2
DA:174,1
DA:176,2
DA:179,1
LF:106
LH:98
end_of_record
